\BOOKMARK [0][-]{chapter.1}{Introduction}{}% 1
\BOOKMARK [1][-]{section.1.1}{Machine Learning for Individualized Medicine}{chapter.1}% 2
\BOOKMARK [2][-]{subsection.1.1.1}{Machine Learning Modeling Pipelines}{section.1.1}% 3
\BOOKMARK [2][-]{subsection.1.1.2}{Outline of the Dissertation}{section.1.1}% 4
\BOOKMARK [1][-]{section.1.2}{Summary of Technical Contributions}{chapter.1}% 5
\BOOKMARK [0][-]{chapter.2}{Estimating Treatment Effects from Observational Data}{}% 6
\BOOKMARK [1][-]{section.2.1}{Background and Summary of Contributions}{chapter.2}% 7
\BOOKMARK [1][-]{section.2.2}{Related Work}{chapter.2}% 8
\BOOKMARK [1][-]{section.2.3}{Estimating CATE: Problem Setup}{chapter.2}% 9
\BOOKMARK [2][-]{subsection.2.3.1}{Potential Outcomes and Propensity Score}{section.2.3}% 10
\BOOKMARK [2][-]{subsection.2.3.2}{Bayesian Nonparametric Inference}{section.2.3}% 11
\BOOKMARK [2][-]{subsection.2.3.3}{Towards Principled CATE Estimation}{section.2.3}% 12
\BOOKMARK [1][-]{section.2.4}{Fundamental Limits of CATE Estimation}{chapter.2}% 13
\BOOKMARK [2][-]{subsection.2.4.1}{Optimal Minimax Rates}{section.2.4}% 14
\BOOKMARK [2][-]{subsection.2.4.2}{Backing off from ``Asymptopia"}{section.2.4}% 15
\BOOKMARK [1][-]{section.2.5}{CATE Estimation using Non-Stationary Gaussian Process Regression}{chapter.2}% 16
\BOOKMARK [2][-]{subsection.2.5.1}{Non-Stationary Gaussian Process Priors}{section.2.5}% 17
\BOOKMARK [2][-]{subsection.2.5.2}{Doubly-Robust Hyperparameters}{section.2.5}% 18
\BOOKMARK [1][-]{section.2.6}{Experiments}{chapter.2}% 19
\BOOKMARK [2][-]{subsection.2.6.1}{Learning Brownian Response Surfaces}{section.2.6}% 20
\BOOKMARK [2][-]{subsection.2.6.2}{The Infant Health and Development Program}{section.2.6}% 21
\BOOKMARK [0][-]{chapter.3}{Symbolic Approaches to Prognostic Model Interpretability}{}% 22
\BOOKMARK [1][-]{section.3.1}{Symbolic Metamodeling}{chapter.3}% 23
\BOOKMARK [1][-]{section.3.2}{Metamodeling via Meijer G-functions}{chapter.3}% 24
\BOOKMARK [2][-]{subsection.3.2.1}{Parameterizing symbolic metamodels with Meijer G-functions}{section.3.2}% 25
\BOOKMARK [1][-]{section.3.3}{Experiments}{chapter.3}% 26
\BOOKMARK [0][-]{chapter.4}{Automated Prognostic Modeling}{}% 27
\BOOKMARK [0][-]{chapter.5}{Deep Probabilistic Modeling of Longitudinal Data}{}% 28
\BOOKMARK [0][-]{chapter.6}{Clinical Application}{}% 29
\BOOKMARK [0][-]{chapter.7}{Conclusions}{}% 30
\BOOKMARK [0][-]{chapter*.14}{References}{}% 31
